<?xml version="1.0" encoding="UTF-8"?>
<!-- Generated by org.testng.reporters.JUnitReportReporter -->
<testsuite hostname="DESKTOP-P12LN1L" failures="0" tests="1" name="orikanTest.Test_Cases" time="0.741" errors="0" timestamp="2024-05-21T02:36:48 IST" skipped="0">
  <testcase classname="orikanTest.Test_Cases" name="registrationTestCases" time="0.741"/>
  <system-out/>
</testsuite> <!-- orikanTest.Test_Cases -->
