<?xml version="1.0" encoding="UTF-8"?>
<!-- Generated by org.testng.reporters.JUnitReportReporter -->
<testsuite hostname="DESKTOP-P12LN1L" failures="0" tests="1" name="orikanTest.Orikan_Tests" time="5.586" errors="0" timestamp="2024-05-21T15:12:08 IST" skipped="0">
  <testcase classname="orikanTest.Orikan_Tests" name="orikanTestCases" time="5.586"/>
  <system-out/>
</testsuite> <!-- orikanTest.Orikan_Tests -->
